<?xml version="1.0" encoding="UTF-8"?>
<testsuite xmlns:xsi="http://www.w3.org/2001/XMLSchema-instance" xsi:noNamespaceSchemaLocation="https://maven.apache.org/surefire/maven-surefire-plugin/xsd/surefire-test-report.xsd" name="com.james.mpsb.AppTest" time="0.004" tests="1" errors="0" skipped="0" failures="0">
  <properties>
    <property name="sun.desktop" value="gnome"/>
    <property name="awt.toolkit" value="sun.awt.X11.XToolkit"/>
    <property name="file.encoding.pkg" value="sun.io"/>
    <property name="java.specification.version" value="1.8"/>
    <property name="sun.cpu.isalist" value=""/>
    <property name="sun.jnu.encoding" value="UTF-8"/>
    <property name="java.class.path" value="/home/james/workspace/JamesMybatisPlusSpringBoot/james-mpsb-common/target/test-classes:/home/james/workspace/JamesMybatisPlusSpringBoot/james-mpsb-common/target/classes:/home/james/_AllDocMap/06_Software/maven_repo/junit/junit/4.13.2/junit-4.13.2.jar:/home/james/_AllDocMap/06_Software/maven_repo/org/hamcrest/hamcrest-core/2.2/hamcrest-core-2.2.jar:/home/james/_AllDocMap/06_Software/maven_repo/org/hamcrest/hamcrest/2.2/hamcrest-2.2.jar:/home/james/_AllDocMap/06_Software/maven_repo/org/springframework/boot/spring-boot-starter-web/2.6.7/spring-boot-starter-web-2.6.7.jar:/home/james/_AllDocMap/06_Software/maven_repo/org/springframework/boot/spring-boot-starter/2.6.6/spring-boot-starter-2.6.6.jar:/home/james/_AllDocMap/06_Software/maven_repo/org/springframework/boot/spring-boot/2.6.6/spring-boot-2.6.6.jar:/home/james/_AllDocMap/06_Software/maven_repo/org/springframework/boot/spring-boot-starter-logging/2.6.6/spring-boot-starter-logging-2.6.6.jar:/home/james/_AllDocMap/06_Software/maven_repo/ch/qos/logback/logback-classic/1.2.11/logback-classic-1.2.11.jar:/home/james/_AllDocMap/06_Software/maven_repo/ch/qos/logback/logback-core/1.2.11/logback-core-1.2.11.jar:/home/james/_AllDocMap/06_Software/maven_repo/org/apache/logging/log4j/log4j-to-slf4j/2.17.2/log4j-to-slf4j-2.17.2.jar:/home/james/_AllDocMap/06_Software/maven_repo/org/apache/logging/log4j/log4j-api/2.17.2/log4j-api-2.17.2.jar:/home/james/_AllDocMap/06_Software/maven_repo/org/slf4j/jul-to-slf4j/1.7.36/jul-to-slf4j-1.7.36.jar:/home/james/_AllDocMap/06_Software/maven_repo/jakarta/annotation/jakarta.annotation-api/1.3.5/jakarta.annotation-api-1.3.5.jar:/home/james/_AllDocMap/06_Software/maven_repo/org/yaml/snakeyaml/1.29/snakeyaml-1.29.jar:/home/james/_AllDocMap/06_Software/maven_repo/org/springframework/boot/spring-boot-starter-json/2.6.6/spring-boot-starter-json-2.6.6.jar:/home/james/_AllDocMap/06_Software/maven_repo/com/fasterxml/jackson/core/jackson-databind/2.13.2.2/jackson-databind-2.13.2.2.jar:/home/james/_AllDocMap/06_Software/maven_repo/com/fasterxml/jackson/core/jackson-core/2.13.2/jackson-core-2.13.2.jar:/home/james/_AllDocMap/06_Software/maven_repo/com/fasterxml/jackson/datatype/jackson-datatype-jdk8/2.13.2/jackson-datatype-jdk8-2.13.2.jar:/home/james/_AllDocMap/06_Software/maven_repo/com/fasterxml/jackson/datatype/jackson-datatype-jsr310/2.13.2/jackson-datatype-jsr310-2.13.2.jar:/home/james/_AllDocMap/06_Software/maven_repo/com/fasterxml/jackson/module/jackson-module-parameter-names/2.13.2/jackson-module-parameter-names-2.13.2.jar:/home/james/_AllDocMap/06_Software/maven_repo/org/springframework/boot/spring-boot-starter-tomcat/2.6.6/spring-boot-starter-tomcat-2.6.6.jar:/home/james/_AllDocMap/06_Software/maven_repo/org/apache/tomcat/embed/tomcat-embed-core/9.0.60/tomcat-embed-core-9.0.60.jar:/home/james/_AllDocMap/06_Software/maven_repo/org/apache/tomcat/embed/tomcat-embed-el/9.0.60/tomcat-embed-el-9.0.60.jar:/home/james/_AllDocMap/06_Software/maven_repo/org/apache/tomcat/embed/tomcat-embed-websocket/9.0.60/tomcat-embed-websocket-9.0.60.jar:/home/james/_AllDocMap/06_Software/maven_repo/org/springframework/spring-web/5.3.18/spring-web-5.3.18.jar:/home/james/_AllDocMap/06_Software/maven_repo/org/springframework/spring-webmvc/5.3.18/spring-webmvc-5.3.18.jar:/home/james/_AllDocMap/06_Software/maven_repo/org/springframework/spring-expression/5.3.18/spring-expression-5.3.18.jar:/home/james/_AllDocMap/06_Software/maven_repo/org/springframework/boot/spring-boot-starter-security/2.7.0/spring-boot-starter-security-2.7.0.jar:/home/james/_AllDocMap/06_Software/maven_repo/org/springframework/spring-aop/5.3.18/spring-aop-5.3.18.jar:/home/james/_AllDocMap/06_Software/maven_repo/org/springframework/security/spring-security-config/5.6.2/spring-security-config-5.6.2.jar:/home/james/_AllDocMap/06_Software/maven_repo/org/springframework/security/spring-security-core/5.6.2/spring-security-core-5.6.2.jar:/home/james/_AllDocMap/06_Software/maven_repo/org/springframework/security/spring-security-web/5.6.2/spring-security-web-5.6.2.jar:/home/james/_AllDocMap/06_Software/maven_repo/org/springframework/boot/spring-boot-starter-jdbc/2.6.6/spring-boot-starter-jdbc-2.6.6.jar:/home/james/_AllDocMap/06_Software/maven_repo/com/zaxxer/HikariCP/4.0.3/HikariCP-4.0.3.jar:/home/james/_AllDocMap/06_Software/maven_repo/org/springframework/spring-jdbc/5.3.18/spring-jdbc-5.3.18.jar:/home/james/_AllDocMap/06_Software/maven_repo/com/baomidou/mybatis-plus/3.3.1/mybatis-plus-3.3.1.jar:/home/james/_AllDocMap/06_Software/maven_repo/com/baomidou/mybatis-plus-extension/3.3.1/mybatis-plus-extension-3.3.1.jar:/home/james/_AllDocMap/06_Software/maven_repo/com/baomidou/mybatis-plus-core/3.3.1/mybatis-plus-core-3.3.1.jar:/home/james/_AllDocMap/06_Software/maven_repo/com/baomidou/mybatis-plus-annotation/3.3.1/mybatis-plus-annotation-3.3.1.jar:/home/james/_AllDocMap/06_Software/maven_repo/com/github/jsqlparser/jsqlparser/3.1/jsqlparser-3.1.jar:/home/james/_AllDocMap/06_Software/maven_repo/org/mybatis/mybatis/3.5.3/mybatis-3.5.3.jar:/home/james/_AllDocMap/06_Software/maven_repo/org/mybatis/mybatis-spring/2.0.3/mybatis-spring-2.0.3.jar:/home/james/_AllDocMap/06_Software/maven_repo/com/baomidou/mybatis-plus-generator/3.3.1/mybatis-plus-generator-3.3.1.jar:/home/james/_AllDocMap/06_Software/maven_repo/com/baomidou/mybatis-plus-boot-starter/3.5.1/mybatis-plus-boot-starter-3.5.1.jar:/home/james/_AllDocMap/06_Software/maven_repo/org/springframework/boot/spring-boot-autoconfigure/2.6.6/spring-boot-autoconfigure-2.6.6.jar:/home/james/_AllDocMap/06_Software/maven_repo/mysql/mysql-connector-java/8.0.28/mysql-connector-java-8.0.28.jar:/home/james/_AllDocMap/06_Software/maven_repo/com/alibaba/druid-spring-boot-starter/1.1.22/druid-spring-boot-starter-1.1.22.jar:/home/james/_AllDocMap/06_Software/maven_repo/org/slf4j/slf4j-api/1.7.36/slf4j-api-1.7.36.jar:/home/james/_AllDocMap/06_Software/maven_repo/com/alibaba/druid/1.2.8/druid-1.2.8.jar:/home/james/_AllDocMap/06_Software/maven_repo/org/projectlombok/lombok/1.18.24/lombok-1.18.24.jar:/home/james/_AllDocMap/06_Software/maven_repo/org/apache/velocity/velocity/1.7/velocity-1.7.jar:/home/james/_AllDocMap/06_Software/maven_repo/commons-collections/commons-collections/3.2.1/commons-collections-3.2.1.jar:/home/james/_AllDocMap/06_Software/maven_repo/org/freemarker/freemarker/2.3.31/freemarker-2.3.31.jar:/home/james/_AllDocMap/06_Software/maven_repo/com/jayway/jsonpath/json-path/2.6.0/json-path-2.6.0.jar:/home/james/_AllDocMap/06_Software/maven_repo/net/minidev/json-smart/2.4.8/json-smart-2.4.8.jar:/home/james/_AllDocMap/06_Software/maven_repo/net/minidev/accessors-smart/2.4.8/accessors-smart-2.4.8.jar:/home/james/_AllDocMap/06_Software/maven_repo/io/seata/seata-core/1.5.1/seata-core-1.5.1.jar:/home/james/_AllDocMap/06_Software/maven_repo/io/seata/seata-common/1.5.1/seata-common-1.5.1.jar:/home/james/_AllDocMap/06_Software/maven_repo/io/seata/seata-discovery-core/1.5.1/seata-discovery-core-1.5.1.jar:/home/james/_AllDocMap/06_Software/maven_repo/io/seata/seata-config-core/1.5.1/seata-config-core-1.5.1.jar:/home/james/_AllDocMap/06_Software/maven_repo/io/netty/netty-all/4.1.75.Final/netty-all-4.1.75.Final.jar:/home/james/_AllDocMap/06_Software/maven_repo/io/netty/netty-buffer/4.1.75.Final/netty-buffer-4.1.75.Final.jar:/home/james/_AllDocMap/06_Software/maven_repo/io/netty/netty-codec/4.1.75.Final/netty-codec-4.1.75.Final.jar:/home/james/_AllDocMap/06_Software/maven_repo/io/netty/netty-codec-dns/4.1.75.Final/netty-codec-dns-4.1.75.Final.jar:/home/james/_AllDocMap/06_Software/maven_repo/io/netty/netty-codec-haproxy/4.1.75.Final/netty-codec-haproxy-4.1.75.Final.jar:/home/james/_AllDocMap/06_Software/maven_repo/io/netty/netty-codec-http/4.1.75.Final/netty-codec-http-4.1.75.Final.jar:/home/james/_AllDocMap/06_Software/maven_repo/io/netty/netty-codec-http2/4.1.75.Final/netty-codec-http2-4.1.75.Final.jar:/home/james/_AllDocMap/06_Software/maven_repo/io/netty/netty-codec-memcache/4.1.75.Final/netty-codec-memcache-4.1.75.Final.jar:/home/james/_AllDocMap/06_Software/maven_repo/io/netty/netty-codec-mqtt/4.1.75.Final/netty-codec-mqtt-4.1.75.Final.jar:/home/james/_AllDocMap/06_Software/maven_repo/io/netty/netty-codec-redis/4.1.75.Final/netty-codec-redis-4.1.75.Final.jar:/home/james/_AllDocMap/06_Software/maven_repo/io/netty/netty-codec-smtp/4.1.75.Final/netty-codec-smtp-4.1.75.Final.jar:/home/james/_AllDocMap/06_Software/maven_repo/io/netty/netty-codec-socks/4.1.75.Final/netty-codec-socks-4.1.75.Final.jar:/home/james/_AllDocMap/06_Software/maven_repo/io/netty/netty-codec-stomp/4.1.75.Final/netty-codec-stomp-4.1.75.Final.jar:/home/james/_AllDocMap/06_Software/maven_repo/io/netty/netty-codec-xml/4.1.75.Final/netty-codec-xml-4.1.75.Final.jar:/home/james/_AllDocMap/06_Software/maven_repo/io/netty/netty-common/4.1.75.Final/netty-common-4.1.75.Final.jar:/home/james/_AllDocMap/06_Software/maven_repo/io/netty/netty-handler/4.1.75.Final/netty-handler-4.1.75.Final.jar:/home/james/_AllDocMap/06_Software/maven_repo/io/netty/netty-handler-proxy/4.1.75.Final/netty-handler-proxy-4.1.75.Final.jar:/home/james/_AllDocMap/06_Software/maven_repo/io/netty/netty-resolver/4.1.75.Final/netty-resolver-4.1.75.Final.jar:/home/james/_AllDocMap/06_Software/maven_repo/io/netty/netty-resolver-dns/4.1.75.Final/netty-resolver-dns-4.1.75.Final.jar:/home/james/_AllDocMap/06_Software/maven_repo/io/netty/netty-transport/4.1.75.Final/netty-transport-4.1.75.Final.jar:/home/james/_AllDocMap/06_Software/maven_repo/io/netty/netty-transport-rxtx/4.1.75.Final/netty-transport-rxtx-4.1.75.Final.jar:/home/james/_AllDocMap/06_Software/maven_repo/io/netty/netty-transport-sctp/4.1.75.Final/netty-transport-sctp-4.1.75.Final.jar:/home/james/_AllDocMap/06_Software/maven_repo/io/netty/netty-transport-udt/4.1.75.Final/netty-transport-udt-4.1.75.Final.jar:/home/james/_AllDocMap/06_Software/maven_repo/io/netty/netty-transport-classes-epoll/4.1.75.Final/netty-transport-classes-epoll-4.1.75.Final.jar:/home/james/_AllDocMap/06_Software/maven_repo/io/netty/netty-transport-native-unix-common/4.1.75.Final/netty-transport-native-unix-common-4.1.75.Final.jar:/home/james/_AllDocMap/06_Software/maven_repo/io/netty/netty-transport-classes-kqueue/4.1.75.Final/netty-transport-classes-kqueue-4.1.75.Final.jar:/home/james/_AllDocMap/06_Software/maven_repo/io/netty/netty-resolver-dns-classes-macos/4.1.75.Final/netty-resolver-dns-classes-macos-4.1.75.Final.jar:/home/james/_AllDocMap/06_Software/maven_repo/io/netty/netty-transport-native-epoll/4.1.75.Final/netty-transport-native-epoll-4.1.75.Final-linux-x86_64.jar:/home/james/_AllDocMap/06_Software/maven_repo/io/netty/netty-transport-native-epoll/4.1.75.Final/netty-transport-native-epoll-4.1.75.Final-linux-aarch_64.jar:/home/james/_AllDocMap/06_Software/maven_repo/io/netty/netty-transport-native-kqueue/4.1.75.Final/netty-transport-native-kqueue-4.1.75.Final-osx-x86_64.jar:/home/james/_AllDocMap/06_Software/maven_repo/io/netty/netty-transport-native-kqueue/4.1.75.Final/netty-transport-native-kqueue-4.1.75.Final-osx-aarch_64.jar:/home/james/_AllDocMap/06_Software/maven_repo/io/netty/netty-resolver-dns-native-macos/4.1.75.Final/netty-resolver-dns-native-macos-4.1.75.Final-osx-x86_64.jar:/home/james/_AllDocMap/06_Software/maven_repo/io/netty/netty-resolver-dns-native-macos/4.1.75.Final/netty-resolver-dns-native-macos-4.1.75.Final-osx-aarch_64.jar:/home/james/_AllDocMap/06_Software/maven_repo/commons-pool/commons-pool/1.6/commons-pool-1.6.jar:/home/james/_AllDocMap/06_Software/maven_repo/com/google/guava/guava/27.0.1-jre/guava-27.0.1-jre.jar:/home/james/_AllDocMap/06_Software/maven_repo/com/google/guava/failureaccess/1.0.1/failureaccess-1.0.1.jar:/home/james/_AllDocMap/06_Software/maven_repo/com/google/guava/listenablefuture/9999.0-empty-to-avoid-conflict-with-guava/listenablefuture-9999.0-empty-to-avoid-conflict-with-guava.jar:/home/james/_AllDocMap/06_Software/maven_repo/com/google/code/findbugs/jsr305/3.0.2/jsr305-3.0.2.jar:/home/james/_AllDocMap/06_Software/maven_repo/org/checkerframework/checker-qual/2.5.2/checker-qual-2.5.2.jar:/home/james/_AllDocMap/06_Software/maven_repo/com/google/errorprone/error_prone_annotations/2.2.0/error_prone_annotations-2.2.0.jar:/home/james/_AllDocMap/06_Software/maven_repo/com/google/j2objc/j2objc-annotations/1.1/j2objc-annotations-1.1.jar:/home/james/_AllDocMap/06_Software/maven_repo/org/codehaus/mojo/animal-sniffer-annotations/1.17/animal-sniffer-annotations-1.17.jar:/home/james/_AllDocMap/06_Software/maven_repo/io/seata/seata-all/1.5.1/seata-all-1.5.1.jar:/home/james/_AllDocMap/06_Software/maven_repo/org/springframework/spring-context/5.3.18/spring-context-5.3.18.jar:/home/james/_AllDocMap/06_Software/maven_repo/org/springframework/spring-core/5.3.18/spring-core-5.3.18.jar:/home/james/_AllDocMap/06_Software/maven_repo/org/springframework/spring-jcl/5.3.18/spring-jcl-5.3.18.jar:/home/james/_AllDocMap/06_Software/maven_repo/org/springframework/spring-beans/5.3.18/spring-beans-5.3.18.jar:/home/james/_AllDocMap/06_Software/maven_repo/org/antlr/antlr4/4.8/antlr4-4.8.jar:/home/james/_AllDocMap/06_Software/maven_repo/org/antlr/antlr4-runtime/4.8/antlr4-runtime-4.8.jar:/home/james/_AllDocMap/06_Software/maven_repo/org/antlr/antlr-runtime/3.5.2/antlr-runtime-3.5.2.jar:/home/james/_AllDocMap/06_Software/maven_repo/org/antlr/ST4/4.3/ST4-4.3.jar:/home/james/_AllDocMap/06_Software/maven_repo/org/abego/treelayout/org.abego.treelayout.core/1.0.3/org.abego.treelayout.core-1.0.3.jar:/home/james/_AllDocMap/06_Software/maven_repo/org/glassfish/javax.json/1.0.4/javax.json-1.0.4.jar:/home/james/_AllDocMap/06_Software/maven_repo/com/ibm/icu/icu4j/61.1/icu4j-61.1.jar:/home/james/_AllDocMap/06_Software/maven_repo/com/alibaba/fastjson/1.2.73/fastjson-1.2.73.jar:/home/james/_AllDocMap/06_Software/maven_repo/com/typesafe/config/1.2.1/config-1.2.1.jar:/home/james/_AllDocMap/06_Software/maven_repo/org/apache/commons/commons-pool2/2.11.1/commons-pool2-2.11.1.jar:/home/james/_AllDocMap/06_Software/maven_repo/cglib/cglib/3.1/cglib-3.1.jar:/home/james/_AllDocMap/06_Software/maven_repo/org/ow2/asm/asm/4.2/asm-4.2.jar:/home/james/_AllDocMap/06_Software/maven_repo/aopalliance/aopalliance/1.0/aopalliance-1.0.jar:/home/james/_AllDocMap/06_Software/maven_repo/com/github/ben-manes/caffeine/caffeine/2.9.3/caffeine-2.9.3.jar:/home/james/_AllDocMap/06_Software/maven_repo/org/springframework/cloud/spring-cloud-starter-openfeign/3.1.2/spring-cloud-starter-openfeign-3.1.2.jar:/home/james/_AllDocMap/06_Software/maven_repo/org/springframework/cloud/spring-cloud-starter/3.1.2/spring-cloud-starter-3.1.2.jar:/home/james/_AllDocMap/06_Software/maven_repo/org/springframework/cloud/spring-cloud-context/3.1.2/spring-cloud-context-3.1.2.jar:/home/james/_AllDocMap/06_Software/maven_repo/org/springframework/security/spring-security-rsa/1.0.10.RELEASE/spring-security-rsa-1.0.10.RELEASE.jar:/home/james/_AllDocMap/06_Software/maven_repo/org/bouncycastle/bcpkix-jdk15on/1.68/bcpkix-jdk15on-1.68.jar:/home/james/_AllDocMap/06_Software/maven_repo/org/bouncycastle/bcprov-jdk15on/1.68/bcprov-jdk15on-1.68.jar:/home/james/_AllDocMap/06_Software/maven_repo/org/springframework/cloud/spring-cloud-openfeign-core/3.1.2/spring-cloud-openfeign-core-3.1.2.jar:/home/james/_AllDocMap/06_Software/maven_repo/org/springframework/boot/spring-boot-starter-aop/2.6.6/spring-boot-starter-aop-2.6.6.jar:/home/james/_AllDocMap/06_Software/maven_repo/org/aspectj/aspectjweaver/1.9.7/aspectjweaver-1.9.7.jar:/home/james/_AllDocMap/06_Software/maven_repo/io/github/openfeign/form/feign-form-spring/3.8.0/feign-form-spring-3.8.0.jar:/home/james/_AllDocMap/06_Software/maven_repo/io/github/openfeign/form/feign-form/3.8.0/feign-form-3.8.0.jar:/home/james/_AllDocMap/06_Software/maven_repo/commons-fileupload/commons-fileupload/1.4/commons-fileupload-1.4.jar:/home/james/_AllDocMap/06_Software/maven_repo/commons-io/commons-io/2.2/commons-io-2.2.jar:/home/james/_AllDocMap/06_Software/maven_repo/org/springframework/cloud/spring-cloud-commons/3.1.2/spring-cloud-commons-3.1.2.jar:/home/james/_AllDocMap/06_Software/maven_repo/org/springframework/security/spring-security-crypto/5.6.2/spring-security-crypto-5.6.2.jar:/home/james/_AllDocMap/06_Software/maven_repo/io/github/openfeign/feign-core/11.8/feign-core-11.8.jar:/home/james/_AllDocMap/06_Software/maven_repo/io/github/openfeign/feign-slf4j/11.8/feign-slf4j-11.8.jar:/home/james/_AllDocMap/06_Software/maven_repo/org/springframework/spring-tx/5.3.18/spring-tx-5.3.18.jar:/home/james/_AllDocMap/06_Software/maven_repo/io/springfox/springfox-swagger2/2.9.2/springfox-swagger2-2.9.2.jar:/home/james/_AllDocMap/06_Software/maven_repo/io/swagger/swagger-annotations/1.5.20/swagger-annotations-1.5.20.jar:/home/james/_AllDocMap/06_Software/maven_repo/io/swagger/swagger-models/1.5.20/swagger-models-1.5.20.jar:/home/james/_AllDocMap/06_Software/maven_repo/com/fasterxml/jackson/core/jackson-annotations/2.13.2/jackson-annotations-2.13.2.jar:/home/james/_AllDocMap/06_Software/maven_repo/io/springfox/springfox-spi/2.9.2/springfox-spi-2.9.2.jar:/home/james/_AllDocMap/06_Software/maven_repo/io/springfox/springfox-core/2.9.2/springfox-core-2.9.2.jar:/home/james/_AllDocMap/06_Software/maven_repo/net/bytebuddy/byte-buddy/1.11.22/byte-buddy-1.11.22.jar:/home/james/_AllDocMap/06_Software/maven_repo/io/springfox/springfox-schema/2.9.2/springfox-schema-2.9.2.jar:/home/james/_AllDocMap/06_Software/maven_repo/io/springfox/springfox-swagger-common/2.9.2/springfox-swagger-common-2.9.2.jar:/home/james/_AllDocMap/06_Software/maven_repo/io/springfox/springfox-spring-web/2.9.2/springfox-spring-web-2.9.2.jar:/home/james/_AllDocMap/06_Software/maven_repo/com/fasterxml/classmate/1.5.1/classmate-1.5.1.jar:/home/james/_AllDocMap/06_Software/maven_repo/org/springframework/plugin/spring-plugin-core/1.2.0.RELEASE/spring-plugin-core-1.2.0.RELEASE.jar:/home/james/_AllDocMap/06_Software/maven_repo/org/springframework/plugin/spring-plugin-metadata/1.2.0.RELEASE/spring-plugin-metadata-1.2.0.RELEASE.jar:/home/james/_AllDocMap/06_Software/maven_repo/org/mapstruct/mapstruct/1.2.0.Final/mapstruct-1.2.0.Final.jar:/home/james/_AllDocMap/06_Software/maven_repo/io/springfox/springfox-swagger-ui/2.9.2/springfox-swagger-ui-2.9.2.jar:/home/james/_AllDocMap/06_Software/maven_repo/commons-lang/commons-lang/2.6/commons-lang-2.6.jar:"/>
    <property name="java.vm.vendor" value="Oracle Corporation"/>
    <property name="sun.arch.data.model" value="64"/>
    <property name="java.vendor.url" value="http://java.oracle.com/"/>
    <property name="user.timezone" value=""/>
    <property name="java.vm.specification.version" value="1.8"/>
    <property name="os.name" value="Linux"/>
    <property name="user.country" value="CN"/>
    <property name="sun.java.launcher" value="SUN_STANDARD"/>
    <property name="sun.boot.library.path" value="/home/james/install/jdk1.8.0_211/jre/lib/amd64"/>
    <property name="sun.java.command" value="/home/james/workspace/JamesMybatisPlusSpringBoot/james-mpsb-common/target/surefire/surefirebooter9024284355147301386.jar /home/james/workspace/JamesMybatisPlusSpringBoot/james-mpsb-common/target/surefire 2022-05-28T01-28-36_065-jvmRun1 surefire981517851314277520tmp surefire_02727864470848150248tmp"/>
    <property name="surefire.test.class.path" value="/home/james/workspace/JamesMybatisPlusSpringBoot/james-mpsb-common/target/test-classes:/home/james/workspace/JamesMybatisPlusSpringBoot/james-mpsb-common/target/classes:/home/james/_AllDocMap/06_Software/maven_repo/junit/junit/4.13.2/junit-4.13.2.jar:/home/james/_AllDocMap/06_Software/maven_repo/org/hamcrest/hamcrest-core/2.2/hamcrest-core-2.2.jar:/home/james/_AllDocMap/06_Software/maven_repo/org/hamcrest/hamcrest/2.2/hamcrest-2.2.jar:/home/james/_AllDocMap/06_Software/maven_repo/org/springframework/boot/spring-boot-starter-web/2.6.7/spring-boot-starter-web-2.6.7.jar:/home/james/_AllDocMap/06_Software/maven_repo/org/springframework/boot/spring-boot-starter/2.6.6/spring-boot-starter-2.6.6.jar:/home/james/_AllDocMap/06_Software/maven_repo/org/springframework/boot/spring-boot/2.6.6/spring-boot-2.6.6.jar:/home/james/_AllDocMap/06_Software/maven_repo/org/springframework/boot/spring-boot-starter-logging/2.6.6/spring-boot-starter-logging-2.6.6.jar:/home/james/_AllDocMap/06_Software/maven_repo/ch/qos/logback/logback-classic/1.2.11/logback-classic-1.2.11.jar:/home/james/_AllDocMap/06_Software/maven_repo/ch/qos/logback/logback-core/1.2.11/logback-core-1.2.11.jar:/home/james/_AllDocMap/06_Software/maven_repo/org/apache/logging/log4j/log4j-to-slf4j/2.17.2/log4j-to-slf4j-2.17.2.jar:/home/james/_AllDocMap/06_Software/maven_repo/org/apache/logging/log4j/log4j-api/2.17.2/log4j-api-2.17.2.jar:/home/james/_AllDocMap/06_Software/maven_repo/org/slf4j/jul-to-slf4j/1.7.36/jul-to-slf4j-1.7.36.jar:/home/james/_AllDocMap/06_Software/maven_repo/jakarta/annotation/jakarta.annotation-api/1.3.5/jakarta.annotation-api-1.3.5.jar:/home/james/_AllDocMap/06_Software/maven_repo/org/yaml/snakeyaml/1.29/snakeyaml-1.29.jar:/home/james/_AllDocMap/06_Software/maven_repo/org/springframework/boot/spring-boot-starter-json/2.6.6/spring-boot-starter-json-2.6.6.jar:/home/james/_AllDocMap/06_Software/maven_repo/com/fasterxml/jackson/core/jackson-databind/2.13.2.2/jackson-databind-2.13.2.2.jar:/home/james/_AllDocMap/06_Software/maven_repo/com/fasterxml/jackson/core/jackson-core/2.13.2/jackson-core-2.13.2.jar:/home/james/_AllDocMap/06_Software/maven_repo/com/fasterxml/jackson/datatype/jackson-datatype-jdk8/2.13.2/jackson-datatype-jdk8-2.13.2.jar:/home/james/_AllDocMap/06_Software/maven_repo/com/fasterxml/jackson/datatype/jackson-datatype-jsr310/2.13.2/jackson-datatype-jsr310-2.13.2.jar:/home/james/_AllDocMap/06_Software/maven_repo/com/fasterxml/jackson/module/jackson-module-parameter-names/2.13.2/jackson-module-parameter-names-2.13.2.jar:/home/james/_AllDocMap/06_Software/maven_repo/org/springframework/boot/spring-boot-starter-tomcat/2.6.6/spring-boot-starter-tomcat-2.6.6.jar:/home/james/_AllDocMap/06_Software/maven_repo/org/apache/tomcat/embed/tomcat-embed-core/9.0.60/tomcat-embed-core-9.0.60.jar:/home/james/_AllDocMap/06_Software/maven_repo/org/apache/tomcat/embed/tomcat-embed-el/9.0.60/tomcat-embed-el-9.0.60.jar:/home/james/_AllDocMap/06_Software/maven_repo/org/apache/tomcat/embed/tomcat-embed-websocket/9.0.60/tomcat-embed-websocket-9.0.60.jar:/home/james/_AllDocMap/06_Software/maven_repo/org/springframework/spring-web/5.3.18/spring-web-5.3.18.jar:/home/james/_AllDocMap/06_Software/maven_repo/org/springframework/spring-webmvc/5.3.18/spring-webmvc-5.3.18.jar:/home/james/_AllDocMap/06_Software/maven_repo/org/springframework/spring-expression/5.3.18/spring-expression-5.3.18.jar:/home/james/_AllDocMap/06_Software/maven_repo/org/springframework/boot/spring-boot-starter-security/2.7.0/spring-boot-starter-security-2.7.0.jar:/home/james/_AllDocMap/06_Software/maven_repo/org/springframework/spring-aop/5.3.18/spring-aop-5.3.18.jar:/home/james/_AllDocMap/06_Software/maven_repo/org/springframework/security/spring-security-config/5.6.2/spring-security-config-5.6.2.jar:/home/james/_AllDocMap/06_Software/maven_repo/org/springframework/security/spring-security-core/5.6.2/spring-security-core-5.6.2.jar:/home/james/_AllDocMap/06_Software/maven_repo/org/springframework/security/spring-security-web/5.6.2/spring-security-web-5.6.2.jar:/home/james/_AllDocMap/06_Software/maven_repo/org/springframework/boot/spring-boot-starter-jdbc/2.6.6/spring-boot-starter-jdbc-2.6.6.jar:/home/james/_AllDocMap/06_Software/maven_repo/com/zaxxer/HikariCP/4.0.3/HikariCP-4.0.3.jar:/home/james/_AllDocMap/06_Software/maven_repo/org/springframework/spring-jdbc/5.3.18/spring-jdbc-5.3.18.jar:/home/james/_AllDocMap/06_Software/maven_repo/com/baomidou/mybatis-plus/3.3.1/mybatis-plus-3.3.1.jar:/home/james/_AllDocMap/06_Software/maven_repo/com/baomidou/mybatis-plus-extension/3.3.1/mybatis-plus-extension-3.3.1.jar:/home/james/_AllDocMap/06_Software/maven_repo/com/baomidou/mybatis-plus-core/3.3.1/mybatis-plus-core-3.3.1.jar:/home/james/_AllDocMap/06_Software/maven_repo/com/baomidou/mybatis-plus-annotation/3.3.1/mybatis-plus-annotation-3.3.1.jar:/home/james/_AllDocMap/06_Software/maven_repo/com/github/jsqlparser/jsqlparser/3.1/jsqlparser-3.1.jar:/home/james/_AllDocMap/06_Software/maven_repo/org/mybatis/mybatis/3.5.3/mybatis-3.5.3.jar:/home/james/_AllDocMap/06_Software/maven_repo/org/mybatis/mybatis-spring/2.0.3/mybatis-spring-2.0.3.jar:/home/james/_AllDocMap/06_Software/maven_repo/com/baomidou/mybatis-plus-generator/3.3.1/mybatis-plus-generator-3.3.1.jar:/home/james/_AllDocMap/06_Software/maven_repo/com/baomidou/mybatis-plus-boot-starter/3.5.1/mybatis-plus-boot-starter-3.5.1.jar:/home/james/_AllDocMap/06_Software/maven_repo/org/springframework/boot/spring-boot-autoconfigure/2.6.6/spring-boot-autoconfigure-2.6.6.jar:/home/james/_AllDocMap/06_Software/maven_repo/mysql/mysql-connector-java/8.0.28/mysql-connector-java-8.0.28.jar:/home/james/_AllDocMap/06_Software/maven_repo/com/alibaba/druid-spring-boot-starter/1.1.22/druid-spring-boot-starter-1.1.22.jar:/home/james/_AllDocMap/06_Software/maven_repo/org/slf4j/slf4j-api/1.7.36/slf4j-api-1.7.36.jar:/home/james/_AllDocMap/06_Software/maven_repo/com/alibaba/druid/1.2.8/druid-1.2.8.jar:/home/james/_AllDocMap/06_Software/maven_repo/org/projectlombok/lombok/1.18.24/lombok-1.18.24.jar:/home/james/_AllDocMap/06_Software/maven_repo/org/apache/velocity/velocity/1.7/velocity-1.7.jar:/home/james/_AllDocMap/06_Software/maven_repo/commons-collections/commons-collections/3.2.1/commons-collections-3.2.1.jar:/home/james/_AllDocMap/06_Software/maven_repo/org/freemarker/freemarker/2.3.31/freemarker-2.3.31.jar:/home/james/_AllDocMap/06_Software/maven_repo/com/jayway/jsonpath/json-path/2.6.0/json-path-2.6.0.jar:/home/james/_AllDocMap/06_Software/maven_repo/net/minidev/json-smart/2.4.8/json-smart-2.4.8.jar:/home/james/_AllDocMap/06_Software/maven_repo/net/minidev/accessors-smart/2.4.8/accessors-smart-2.4.8.jar:/home/james/_AllDocMap/06_Software/maven_repo/io/seata/seata-core/1.5.1/seata-core-1.5.1.jar:/home/james/_AllDocMap/06_Software/maven_repo/io/seata/seata-common/1.5.1/seata-common-1.5.1.jar:/home/james/_AllDocMap/06_Software/maven_repo/io/seata/seata-discovery-core/1.5.1/seata-discovery-core-1.5.1.jar:/home/james/_AllDocMap/06_Software/maven_repo/io/seata/seata-config-core/1.5.1/seata-config-core-1.5.1.jar:/home/james/_AllDocMap/06_Software/maven_repo/io/netty/netty-all/4.1.75.Final/netty-all-4.1.75.Final.jar:/home/james/_AllDocMap/06_Software/maven_repo/io/netty/netty-buffer/4.1.75.Final/netty-buffer-4.1.75.Final.jar:/home/james/_AllDocMap/06_Software/maven_repo/io/netty/netty-codec/4.1.75.Final/netty-codec-4.1.75.Final.jar:/home/james/_AllDocMap/06_Software/maven_repo/io/netty/netty-codec-dns/4.1.75.Final/netty-codec-dns-4.1.75.Final.jar:/home/james/_AllDocMap/06_Software/maven_repo/io/netty/netty-codec-haproxy/4.1.75.Final/netty-codec-haproxy-4.1.75.Final.jar:/home/james/_AllDocMap/06_Software/maven_repo/io/netty/netty-codec-http/4.1.75.Final/netty-codec-http-4.1.75.Final.jar:/home/james/_AllDocMap/06_Software/maven_repo/io/netty/netty-codec-http2/4.1.75.Final/netty-codec-http2-4.1.75.Final.jar:/home/james/_AllDocMap/06_Software/maven_repo/io/netty/netty-codec-memcache/4.1.75.Final/netty-codec-memcache-4.1.75.Final.jar:/home/james/_AllDocMap/06_Software/maven_repo/io/netty/netty-codec-mqtt/4.1.75.Final/netty-codec-mqtt-4.1.75.Final.jar:/home/james/_AllDocMap/06_Software/maven_repo/io/netty/netty-codec-redis/4.1.75.Final/netty-codec-redis-4.1.75.Final.jar:/home/james/_AllDocMap/06_Software/maven_repo/io/netty/netty-codec-smtp/4.1.75.Final/netty-codec-smtp-4.1.75.Final.jar:/home/james/_AllDocMap/06_Software/maven_repo/io/netty/netty-codec-socks/4.1.75.Final/netty-codec-socks-4.1.75.Final.jar:/home/james/_AllDocMap/06_Software/maven_repo/io/netty/netty-codec-stomp/4.1.75.Final/netty-codec-stomp-4.1.75.Final.jar:/home/james/_AllDocMap/06_Software/maven_repo/io/netty/netty-codec-xml/4.1.75.Final/netty-codec-xml-4.1.75.Final.jar:/home/james/_AllDocMap/06_Software/maven_repo/io/netty/netty-common/4.1.75.Final/netty-common-4.1.75.Final.jar:/home/james/_AllDocMap/06_Software/maven_repo/io/netty/netty-handler/4.1.75.Final/netty-handler-4.1.75.Final.jar:/home/james/_AllDocMap/06_Software/maven_repo/io/netty/netty-handler-proxy/4.1.75.Final/netty-handler-proxy-4.1.75.Final.jar:/home/james/_AllDocMap/06_Software/maven_repo/io/netty/netty-resolver/4.1.75.Final/netty-resolver-4.1.75.Final.jar:/home/james/_AllDocMap/06_Software/maven_repo/io/netty/netty-resolver-dns/4.1.75.Final/netty-resolver-dns-4.1.75.Final.jar:/home/james/_AllDocMap/06_Software/maven_repo/io/netty/netty-transport/4.1.75.Final/netty-transport-4.1.75.Final.jar:/home/james/_AllDocMap/06_Software/maven_repo/io/netty/netty-transport-rxtx/4.1.75.Final/netty-transport-rxtx-4.1.75.Final.jar:/home/james/_AllDocMap/06_Software/maven_repo/io/netty/netty-transport-sctp/4.1.75.Final/netty-transport-sctp-4.1.75.Final.jar:/home/james/_AllDocMap/06_Software/maven_repo/io/netty/netty-transport-udt/4.1.75.Final/netty-transport-udt-4.1.75.Final.jar:/home/james/_AllDocMap/06_Software/maven_repo/io/netty/netty-transport-classes-epoll/4.1.75.Final/netty-transport-classes-epoll-4.1.75.Final.jar:/home/james/_AllDocMap/06_Software/maven_repo/io/netty/netty-transport-native-unix-common/4.1.75.Final/netty-transport-native-unix-common-4.1.75.Final.jar:/home/james/_AllDocMap/06_Software/maven_repo/io/netty/netty-transport-classes-kqueue/4.1.75.Final/netty-transport-classes-kqueue-4.1.75.Final.jar:/home/james/_AllDocMap/06_Software/maven_repo/io/netty/netty-resolver-dns-classes-macos/4.1.75.Final/netty-resolver-dns-classes-macos-4.1.75.Final.jar:/home/james/_AllDocMap/06_Software/maven_repo/io/netty/netty-transport-native-epoll/4.1.75.Final/netty-transport-native-epoll-4.1.75.Final-linux-x86_64.jar:/home/james/_AllDocMap/06_Software/maven_repo/io/netty/netty-transport-native-epoll/4.1.75.Final/netty-transport-native-epoll-4.1.75.Final-linux-aarch_64.jar:/home/james/_AllDocMap/06_Software/maven_repo/io/netty/netty-transport-native-kqueue/4.1.75.Final/netty-transport-native-kqueue-4.1.75.Final-osx-x86_64.jar:/home/james/_AllDocMap/06_Software/maven_repo/io/netty/netty-transport-native-kqueue/4.1.75.Final/netty-transport-native-kqueue-4.1.75.Final-osx-aarch_64.jar:/home/james/_AllDocMap/06_Software/maven_repo/io/netty/netty-resolver-dns-native-macos/4.1.75.Final/netty-resolver-dns-native-macos-4.1.75.Final-osx-x86_64.jar:/home/james/_AllDocMap/06_Software/maven_repo/io/netty/netty-resolver-dns-native-macos/4.1.75.Final/netty-resolver-dns-native-macos-4.1.75.Final-osx-aarch_64.jar:/home/james/_AllDocMap/06_Software/maven_repo/commons-pool/commons-pool/1.6/commons-pool-1.6.jar:/home/james/_AllDocMap/06_Software/maven_repo/com/google/guava/guava/27.0.1-jre/guava-27.0.1-jre.jar:/home/james/_AllDocMap/06_Software/maven_repo/com/google/guava/failureaccess/1.0.1/failureaccess-1.0.1.jar:/home/james/_AllDocMap/06_Software/maven_repo/com/google/guava/listenablefuture/9999.0-empty-to-avoid-conflict-with-guava/listenablefuture-9999.0-empty-to-avoid-conflict-with-guava.jar:/home/james/_AllDocMap/06_Software/maven_repo/com/google/code/findbugs/jsr305/3.0.2/jsr305-3.0.2.jar:/home/james/_AllDocMap/06_Software/maven_repo/org/checkerframework/checker-qual/2.5.2/checker-qual-2.5.2.jar:/home/james/_AllDocMap/06_Software/maven_repo/com/google/errorprone/error_prone_annotations/2.2.0/error_prone_annotations-2.2.0.jar:/home/james/_AllDocMap/06_Software/maven_repo/com/google/j2objc/j2objc-annotations/1.1/j2objc-annotations-1.1.jar:/home/james/_AllDocMap/06_Software/maven_repo/org/codehaus/mojo/animal-sniffer-annotations/1.17/animal-sniffer-annotations-1.17.jar:/home/james/_AllDocMap/06_Software/maven_repo/io/seata/seata-all/1.5.1/seata-all-1.5.1.jar:/home/james/_AllDocMap/06_Software/maven_repo/org/springframework/spring-context/5.3.18/spring-context-5.3.18.jar:/home/james/_AllDocMap/06_Software/maven_repo/org/springframework/spring-core/5.3.18/spring-core-5.3.18.jar:/home/james/_AllDocMap/06_Software/maven_repo/org/springframework/spring-jcl/5.3.18/spring-jcl-5.3.18.jar:/home/james/_AllDocMap/06_Software/maven_repo/org/springframework/spring-beans/5.3.18/spring-beans-5.3.18.jar:/home/james/_AllDocMap/06_Software/maven_repo/org/antlr/antlr4/4.8/antlr4-4.8.jar:/home/james/_AllDocMap/06_Software/maven_repo/org/antlr/antlr4-runtime/4.8/antlr4-runtime-4.8.jar:/home/james/_AllDocMap/06_Software/maven_repo/org/antlr/antlr-runtime/3.5.2/antlr-runtime-3.5.2.jar:/home/james/_AllDocMap/06_Software/maven_repo/org/antlr/ST4/4.3/ST4-4.3.jar:/home/james/_AllDocMap/06_Software/maven_repo/org/abego/treelayout/org.abego.treelayout.core/1.0.3/org.abego.treelayout.core-1.0.3.jar:/home/james/_AllDocMap/06_Software/maven_repo/org/glassfish/javax.json/1.0.4/javax.json-1.0.4.jar:/home/james/_AllDocMap/06_Software/maven_repo/com/ibm/icu/icu4j/61.1/icu4j-61.1.jar:/home/james/_AllDocMap/06_Software/maven_repo/com/alibaba/fastjson/1.2.73/fastjson-1.2.73.jar:/home/james/_AllDocMap/06_Software/maven_repo/com/typesafe/config/1.2.1/config-1.2.1.jar:/home/james/_AllDocMap/06_Software/maven_repo/org/apache/commons/commons-pool2/2.11.1/commons-pool2-2.11.1.jar:/home/james/_AllDocMap/06_Software/maven_repo/cglib/cglib/3.1/cglib-3.1.jar:/home/james/_AllDocMap/06_Software/maven_repo/org/ow2/asm/asm/4.2/asm-4.2.jar:/home/james/_AllDocMap/06_Software/maven_repo/aopalliance/aopalliance/1.0/aopalliance-1.0.jar:/home/james/_AllDocMap/06_Software/maven_repo/com/github/ben-manes/caffeine/caffeine/2.9.3/caffeine-2.9.3.jar:/home/james/_AllDocMap/06_Software/maven_repo/org/springframework/cloud/spring-cloud-starter-openfeign/3.1.2/spring-cloud-starter-openfeign-3.1.2.jar:/home/james/_AllDocMap/06_Software/maven_repo/org/springframework/cloud/spring-cloud-starter/3.1.2/spring-cloud-starter-3.1.2.jar:/home/james/_AllDocMap/06_Software/maven_repo/org/springframework/cloud/spring-cloud-context/3.1.2/spring-cloud-context-3.1.2.jar:/home/james/_AllDocMap/06_Software/maven_repo/org/springframework/security/spring-security-rsa/1.0.10.RELEASE/spring-security-rsa-1.0.10.RELEASE.jar:/home/james/_AllDocMap/06_Software/maven_repo/org/bouncycastle/bcpkix-jdk15on/1.68/bcpkix-jdk15on-1.68.jar:/home/james/_AllDocMap/06_Software/maven_repo/org/bouncycastle/bcprov-jdk15on/1.68/bcprov-jdk15on-1.68.jar:/home/james/_AllDocMap/06_Software/maven_repo/org/springframework/cloud/spring-cloud-openfeign-core/3.1.2/spring-cloud-openfeign-core-3.1.2.jar:/home/james/_AllDocMap/06_Software/maven_repo/org/springframework/boot/spring-boot-starter-aop/2.6.6/spring-boot-starter-aop-2.6.6.jar:/home/james/_AllDocMap/06_Software/maven_repo/org/aspectj/aspectjweaver/1.9.7/aspectjweaver-1.9.7.jar:/home/james/_AllDocMap/06_Software/maven_repo/io/github/openfeign/form/feign-form-spring/3.8.0/feign-form-spring-3.8.0.jar:/home/james/_AllDocMap/06_Software/maven_repo/io/github/openfeign/form/feign-form/3.8.0/feign-form-3.8.0.jar:/home/james/_AllDocMap/06_Software/maven_repo/commons-fileupload/commons-fileupload/1.4/commons-fileupload-1.4.jar:/home/james/_AllDocMap/06_Software/maven_repo/commons-io/commons-io/2.2/commons-io-2.2.jar:/home/james/_AllDocMap/06_Software/maven_repo/org/springframework/cloud/spring-cloud-commons/3.1.2/spring-cloud-commons-3.1.2.jar:/home/james/_AllDocMap/06_Software/maven_repo/org/springframework/security/spring-security-crypto/5.6.2/spring-security-crypto-5.6.2.jar:/home/james/_AllDocMap/06_Software/maven_repo/io/github/openfeign/feign-core/11.8/feign-core-11.8.jar:/home/james/_AllDocMap/06_Software/maven_repo/io/github/openfeign/feign-slf4j/11.8/feign-slf4j-11.8.jar:/home/james/_AllDocMap/06_Software/maven_repo/org/springframework/spring-tx/5.3.18/spring-tx-5.3.18.jar:/home/james/_AllDocMap/06_Software/maven_repo/io/springfox/springfox-swagger2/2.9.2/springfox-swagger2-2.9.2.jar:/home/james/_AllDocMap/06_Software/maven_repo/io/swagger/swagger-annotations/1.5.20/swagger-annotations-1.5.20.jar:/home/james/_AllDocMap/06_Software/maven_repo/io/swagger/swagger-models/1.5.20/swagger-models-1.5.20.jar:/home/james/_AllDocMap/06_Software/maven_repo/com/fasterxml/jackson/core/jackson-annotations/2.13.2/jackson-annotations-2.13.2.jar:/home/james/_AllDocMap/06_Software/maven_repo/io/springfox/springfox-spi/2.9.2/springfox-spi-2.9.2.jar:/home/james/_AllDocMap/06_Software/maven_repo/io/springfox/springfox-core/2.9.2/springfox-core-2.9.2.jar:/home/james/_AllDocMap/06_Software/maven_repo/net/bytebuddy/byte-buddy/1.11.22/byte-buddy-1.11.22.jar:/home/james/_AllDocMap/06_Software/maven_repo/io/springfox/springfox-schema/2.9.2/springfox-schema-2.9.2.jar:/home/james/_AllDocMap/06_Software/maven_repo/io/springfox/springfox-swagger-common/2.9.2/springfox-swagger-common-2.9.2.jar:/home/james/_AllDocMap/06_Software/maven_repo/io/springfox/springfox-spring-web/2.9.2/springfox-spring-web-2.9.2.jar:/home/james/_AllDocMap/06_Software/maven_repo/com/fasterxml/classmate/1.5.1/classmate-1.5.1.jar:/home/james/_AllDocMap/06_Software/maven_repo/org/springframework/plugin/spring-plugin-core/1.2.0.RELEASE/spring-plugin-core-1.2.0.RELEASE.jar:/home/james/_AllDocMap/06_Software/maven_repo/org/springframework/plugin/spring-plugin-metadata/1.2.0.RELEASE/spring-plugin-metadata-1.2.0.RELEASE.jar:/home/james/_AllDocMap/06_Software/maven_repo/org/mapstruct/mapstruct/1.2.0.Final/mapstruct-1.2.0.Final.jar:/home/james/_AllDocMap/06_Software/maven_repo/io/springfox/springfox-swagger-ui/2.9.2/springfox-swagger-ui-2.9.2.jar:/home/james/_AllDocMap/06_Software/maven_repo/commons-lang/commons-lang/2.6/commons-lang-2.6.jar:"/>
    <property name="sun.cpu.endian" value="little"/>
    <property name="user.home" value="/home/james"/>
    <property name="user.language" value="zh"/>
    <property name="java.specification.vendor" value="Oracle Corporation"/>
    <property name="java.home" value="/home/james/install/jdk1.8.0_211/jre"/>
    <property name="basedir" value="/home/james/workspace/JamesMybatisPlusSpringBoot/james-mpsb-common"/>
    <property name="file.separator" value="/"/>
    <property name="line.separator" value="&#10;"/>
    <property name="java.vm.specification.vendor" value="Oracle Corporation"/>
    <property name="java.specification.name" value="Java Platform API Specification"/>
    <property name="java.awt.graphicsenv" value="sun.awt.X11GraphicsEnvironment"/>
    <property name="surefire.real.class.path" value="/home/james/workspace/JamesMybatisPlusSpringBoot/james-mpsb-common/target/surefire/surefirebooter9024284355147301386.jar"/>
    <property name="sun.boot.class.path" value="/home/james/install/jdk1.8.0_211/jre/lib/resources.jar:/home/james/install/jdk1.8.0_211/jre/lib/rt.jar:/home/james/install/jdk1.8.0_211/jre/lib/sunrsasign.jar:/home/james/install/jdk1.8.0_211/jre/lib/jsse.jar:/home/james/install/jdk1.8.0_211/jre/lib/jce.jar:/home/james/install/jdk1.8.0_211/jre/lib/charsets.jar:/home/james/install/jdk1.8.0_211/jre/lib/jfr.jar:/home/james/install/jdk1.8.0_211/jre/classes"/>
    <property name="sun.management.compiler" value="HotSpot 64-Bit Tiered Compilers"/>
    <property name="java.runtime.version" value="1.8.0_211-b12"/>
    <property name="user.name" value="james"/>
    <property name="path.separator" value=":"/>
    <property name="os.version" value="4.18.0-25-generic"/>
    <property name="java.endorsed.dirs" value="/home/james/install/jdk1.8.0_211/jre/lib/endorsed"/>
    <property name="java.runtime.name" value="Java(TM) SE Runtime Environment"/>
    <property name="file.encoding" value="UTF-8"/>
    <property name="java.vm.name" value="Java HotSpot(TM) 64-Bit Server VM"/>
    <property name="localRepository" value="/home/james/_AllDocMap/06_Software/maven_repo"/>
    <property name="java.vendor.url.bug" value="http://bugreport.sun.com/bugreport/"/>
    <property name="java.io.tmpdir" value="/tmp"/>
    <property name="java.version" value="1.8.0_211"/>
    <property name="user.dir" value="/home/james/workspace/JamesMybatisPlusSpringBoot/james-mpsb-common"/>
    <property name="os.arch" value="amd64"/>
    <property name="java.vm.specification.name" value="Java Virtual Machine Specification"/>
    <property name="java.awt.printerjob" value="sun.print.PSPrinterJob"/>
    <property name="sun.os.patch.level" value="unknown"/>
    <property name="java.library.path" value="/usr/java/packages/lib/amd64:/usr/lib64:/lib64:/lib:/usr/lib"/>
    <property name="idea.version2019.1.4" value="true"/>
    <property name="java.vm.info" value="mixed mode"/>
    <property name="java.vendor" value="Oracle Corporation"/>
    <property name="java.vm.version" value="25.211-b12"/>
    <property name="java.ext.dirs" value="/home/james/install/jdk1.8.0_211/jre/lib/ext:/usr/java/packages/lib/ext"/>
    <property name="sun.io.unicode.encoding" value="UnicodeLittle"/>
    <property name="java.class.version" value="52.0"/>
  </properties>
  <testcase name="shouldAnswerWithTrue" classname="com.james.mpsb.AppTest" time="0.001"/>
</testsuite>